1566709930385	mozrunner::runner	INFO	Running command: "/usr/bin/firefox" "-marionette" "-foreground" "-no-remote" "-profile" "/tmp/rust_mozprofilen50c5S"
1566709930929	addons.webextension.screenshots@mozilla.org	WARN	Loading extension 'screenshots@mozilla.org': Reading manifest: Invalid extension permission: mozillaAddons
1566709930929	addons.webextension.screenshots@mozilla.org	WARN	Loading extension 'screenshots@mozilla.org': Reading manifest: Invalid extension permission: telemetry
1566709930930	addons.webextension.screenshots@mozilla.org	WARN	Loading extension 'screenshots@mozilla.org': Reading manifest: Invalid extension permission: resource://pdf.js/
1566709930930	addons.webextension.screenshots@mozilla.org	WARN	Loading extension 'screenshots@mozilla.org': Reading manifest: Invalid extension permission: about:reader*
1566709933436	Marionette	INFO	Listening on port 39723
1566709933494	Marionette	WARN	TLS certificate errors will be ignored for this session
console.error: BroadcastService: 
  receivedBroadcastMessage: handler for
  remote-settings/monitor_changes
  threw error:
  Message: Error: Polling for changes failed: http://%(server)s/dummy/blocklist//buckets/monitor/collections/changes/records?_expected=%221561548844810%22 is not a valid URL..
  Stack:
    remoteSettingsFunction/remoteSettings.pollChanges@resource://services-settings/remote-settings.js:201:13

1566710086738	Marionette	INFO	Stopped listening on port 39723
1566710209991	mozrunner::runner	INFO	Running command: "/usr/bin/firefox" "-marionette" "-foreground" "-no-remote" "-profile" "/tmp/rust_mozprofiles9BjzD"
1566710210612	addons.webextension.screenshots@mozilla.org	WARN	Loading extension 'screenshots@mozilla.org': Reading manifest: Invalid extension permission: mozillaAddons
1566710210612	addons.webextension.screenshots@mozilla.org	WARN	Loading extension 'screenshots@mozilla.org': Reading manifest: Invalid extension permission: telemetry
1566710210612	addons.webextension.screenshots@mozilla.org	WARN	Loading extension 'screenshots@mozilla.org': Reading manifest: Invalid extension permission: resource://pdf.js/
1566710210612	addons.webextension.screenshots@mozilla.org	WARN	Loading extension 'screenshots@mozilla.org': Reading manifest: Invalid extension permission: about:reader*
1566710212922	Marionette	INFO	Listening on port 41153
1566710213001	Marionette	WARN	TLS certificate errors will be ignored for this session
1566710254393	Marionette	INFO	Stopped listening on port 41153
[Parent 9531, Gecko_IOThread] WARNING: pipe error (83): Conexión reinicializada por la máquina remota: file /build/firefox-RH0TXX/firefox-68.0.2+build1/ipc/chromium/src/chrome/common/ipc_channel_posix.cc, line 358
[Parent 9531, Gecko_IOThread] WARNING: pipe error (80): Conexión reinicializada por la máquina remota: file /build/firefox-RH0TXX/firefox-68.0.2+build1/ipc/chromium/src/chrome/common/ipc_channel_posix.cc, line 358
1566710319176	mozrunner::runner	INFO	Running command: "/usr/bin/firefox" "-marionette" "-foreground" "-no-remote" "-profile" "/tmp/rust_mozprofileqBKI9n"
1566710319735	addons.webextension.screenshots@mozilla.org	WARN	Loading extension 'screenshots@mozilla.org': Reading manifest: Invalid extension permission: mozillaAddons
1566710319735	addons.webextension.screenshots@mozilla.org	WARN	Loading extension 'screenshots@mozilla.org': Reading manifest: Invalid extension permission: telemetry
1566710319735	addons.webextension.screenshots@mozilla.org	WARN	Loading extension 'screenshots@mozilla.org': Reading manifest: Invalid extension permission: resource://pdf.js/
1566710319735	addons.webextension.screenshots@mozilla.org	WARN	Loading extension 'screenshots@mozilla.org': Reading manifest: Invalid extension permission: about:reader*
1566710321949	Marionette	INFO	Listening on port 41817
1566710322027	Marionette	WARN	TLS certificate errors will be ignored for this session
console.error: BroadcastService: 
  receivedBroadcastMessage: handler for
  remote-settings/monitor_changes
  threw error:
  Message: Error: Polling for changes failed: http://%(server)s/dummy/blocklist//buckets/monitor/collections/changes/records?_expected=%221561548844810%22 is not a valid URL..
  Stack:
    remoteSettingsFunction/remoteSettings.pollChanges@resource://services-settings/remote-settings.js:201:13

1566710486761	Marionette	INFO	Stopped listening on port 41817
[Parent 10474, Gecko_IOThread] WARNING: pipe error (78): Conexión reinicializada por la máquina remota: file /build/firefox-RH0TXX/firefox-68.0.2+build1/ipc/chromium/src/chrome/common/ipc_channel_posix.cc, line 358
1566710494361	mozrunner::runner	INFO	Running command: "/usr/bin/firefox" "-marionette" "-foreground" "-no-remote" "-profile" "/tmp/rust_mozprofileCFcWyt"
1566710494989	addons.webextension.screenshots@mozilla.org	WARN	Loading extension 'screenshots@mozilla.org': Reading manifest: Invalid extension permission: mozillaAddons
1566710494989	addons.webextension.screenshots@mozilla.org	WARN	Loading extension 'screenshots@mozilla.org': Reading manifest: Invalid extension permission: telemetry
1566710494989	addons.webextension.screenshots@mozilla.org	WARN	Loading extension 'screenshots@mozilla.org': Reading manifest: Invalid extension permission: resource://pdf.js/
1566710494989	addons.webextension.screenshots@mozilla.org	WARN	Loading extension 'screenshots@mozilla.org': Reading manifest: Invalid extension permission: about:reader*
1566710497220	Marionette	INFO	Listening on port 44513
1566710497299	Marionette	WARN	TLS certificate errors will be ignored for this session
[Parent 10682, Gecko_IOThread] WARNING: pipe error: Tubería rota: file /build/firefox-RH0TXX/firefox-68.0.2+build1/ipc/chromium/src/chrome/common/ipc_channel_posix.cc, line 727
[Parent 10682, Gecko_IOThread] WARNING: pipe error: Tubería rota: file /build/firefox-RH0TXX/firefox-68.0.2+build1/ipc/chromium/src/chrome/common/ipc_channel_posix.cc, line 727

(/usr/lib/firefox/firefox:10754): dconf-WARNING **: Unable to open /var/lib/menu-xdg/dconf/profile/user: Permiso denegado
ATTENTION: default value of option force_s3tc_enable overridden by environment.
console.error: BroadcastService: 
  receivedBroadcastMessage: handler for
  remote-settings/monitor_changes
  threw error:
  Message: Error: Polling for changes failed: http://%(server)s/dummy/blocklist//buckets/monitor/collections/changes/records?_expected=%221561548844810%22 is not a valid URL..
  Stack:
    remoteSettingsFunction/remoteSettings.pollChanges@resource://services-settings/remote-settings.js:201:13

1566712575388	mozrunner::runner	INFO	Running command: "/usr/bin/firefox" "-marionette" "-foreground" "-no-remote" "-profile" "/tmp/rust_mozprofilerY5adp"
1566712576004	addons.webextension.screenshots@mozilla.org	WARN	Loading extension 'screenshots@mozilla.org': Reading manifest: Invalid extension permission: mozillaAddons
1566712576004	addons.webextension.screenshots@mozilla.org	WARN	Loading extension 'screenshots@mozilla.org': Reading manifest: Invalid extension permission: telemetry
1566712576004	addons.webextension.screenshots@mozilla.org	WARN	Loading extension 'screenshots@mozilla.org': Reading manifest: Invalid extension permission: resource://pdf.js/
1566712576004	addons.webextension.screenshots@mozilla.org	WARN	Loading extension 'screenshots@mozilla.org': Reading manifest: Invalid extension permission: about:reader*
1566712578435	Marionette	INFO	Listening on port 44341
1566712578497	Marionette	WARN	TLS certificate errors will be ignored for this session
1566712608886	mozrunner::runner	INFO	Running command: "/usr/bin/firefox" "-marionette" "-foreground" "-no-remote" "-profile" "/tmp/rust_mozprofilenBi5Mw"
1566712609553	addons.webextension.screenshots@mozilla.org	WARN	Loading extension 'screenshots@mozilla.org': Reading manifest: Invalid extension permission: mozillaAddons
1566712609553	addons.webextension.screenshots@mozilla.org	WARN	Loading extension 'screenshots@mozilla.org': Reading manifest: Invalid extension permission: telemetry
1566712609553	addons.webextension.screenshots@mozilla.org	WARN	Loading extension 'screenshots@mozilla.org': Reading manifest: Invalid extension permission: resource://pdf.js/
1566712609553	addons.webextension.screenshots@mozilla.org	WARN	Loading extension 'screenshots@mozilla.org': Reading manifest: Invalid extension permission: about:reader*
1566712611915	Marionette	INFO	Listening on port 33495
1566712611998	Marionette	WARN	TLS certificate errors will be ignored for this session
JavaScript warning: https://www.coppel.com/wcsstore/dojo18/dojo/dojo.js, line 14: unreachable code after return statement
JavaScript warning: https://www.coppel.com/wcsstore/dojo18/dojo/dojo.js, line 14: unreachable code after return statement
JavaScript error: https://cdn.scarabresearch.com/js/17FBFD0A311795A0/scarab-v2.js, line 343: SyntaxError: Scarab Queue is not an array

(/usr/lib/firefox/firefox:11773): dconf-WARNING **: Unable to open /var/lib/menu-xdg/dconf/profile/user: Permiso denegado
1566712704324	mozrunner::runner	INFO	Running command: "/usr/bin/firefox" "-marionette" "-headless" "-foreground" "-no-remote" "-profile" "/tmp/rust_mozprofilekD6yr7"
*** You are running in headless mode.
1566712704868	addons.webextension.screenshots@mozilla.org	WARN	Loading extension 'screenshots@mozilla.org': Reading manifest: Invalid extension permission: mozillaAddons
1566712704868	addons.webextension.screenshots@mozilla.org	WARN	Loading extension 'screenshots@mozilla.org': Reading manifest: Invalid extension permission: telemetry
1566712704868	addons.webextension.screenshots@mozilla.org	WARN	Loading extension 'screenshots@mozilla.org': Reading manifest: Invalid extension permission: resource://pdf.js/
1566712704868	addons.webextension.screenshots@mozilla.org	WARN	Loading extension 'screenshots@mozilla.org': Reading manifest: Invalid extension permission: about:reader*
1566712707335	Marionette	INFO	Listening on port 37965
1566712707434	Marionette	WARN	TLS certificate errors will be ignored for this session
JavaScript warning: https://www.coppel.com/wcsstore/dojo18/dojo/dojo.js, line 14: unreachable code after return statement
JavaScript warning: https://www.coppel.com/wcsstore/dojo18/dojo/dojo.js, line 14: unreachable code after return statement
JavaScript error: https://cdn.scarabresearch.com/js/17FBFD0A311795A0/scarab-v2.js, line 343: SyntaxError: Scarab Queue is not an array

(/usr/lib/firefox/firefox:12000): dconf-WARNING **: Unable to open /var/lib/menu-xdg/dconf/profile/user: Permiso denegado
console.error: BroadcastService: 
  receivedBroadcastMessage: handler for
  remote-settings/monitor_changes
  threw error:
  Message: Error: Polling for changes failed: http://%(server)s/dummy/blocklist//buckets/monitor/collections/changes/records?_expected=%221561548844810%22 is not a valid URL..
  Stack:
    remoteSettingsFunction/remoteSettings.pollChanges@resource://services-settings/remote-settings.js:201:13

1566713851506	mozrunner::runner	INFO	Running command: "/usr/bin/firefox" "-marionette" "-headless" "-foreground" "-no-remote" "-profile" "/tmp/rust_mozprofileQRRbi9"
*** You are running in headless mode.

(firefox:13655): Gtk-WARNING **: Locale not supported by C library.
	Using the fallback 'C' locale.
1566713852310	addons.webextension.screenshots@mozilla.org	WARN	Loading extension 'screenshots@mozilla.org': Reading manifest: Invalid extension permission: mozillaAddons
1566713852310	addons.webextension.screenshots@mozilla.org	WARN	Loading extension 'screenshots@mozilla.org': Reading manifest: Invalid extension permission: telemetry
1566713852310	addons.webextension.screenshots@mozilla.org	WARN	Loading extension 'screenshots@mozilla.org': Reading manifest: Invalid extension permission: resource://pdf.js/
1566713852310	addons.webextension.screenshots@mozilla.org	WARN	Loading extension 'screenshots@mozilla.org': Reading manifest: Invalid extension permission: about:reader*
1566713855281	Marionette	INFO	Listening on port 34887
1566713855333	Marionette	WARN	TLS certificate errors will be ignored for this session
console.error: BroadcastService: 
  receivedBroadcastMessage: handler for
  remote-settings/monitor_changes
  threw error:
  Message: Error: Polling for changes failed: http://%(server)s/dummy/blocklist//buckets/monitor/collections/changes/records?_expected=%221561548844810%22 is not a valid URL..
  Stack:
    remoteSettingsFunction/remoteSettings.pollChanges@resource://services-settings/remote-settings.js:201:13

1566713995090	mozrunner::runner	INFO	Running command: "/usr/bin/firefox" "-marionette" "-headless" "-foreground" "-no-remote" "-profile" "/tmp/rust_mozprofileB65Qab"
*** You are running in headless mode.

(firefox:14339): Gtk-WARNING **: Locale not supported by C library.
	Using the fallback 'C' locale.
1566713995741	addons.webextension.screenshots@mozilla.org	WARN	Loading extension 'screenshots@mozilla.org': Reading manifest: Invalid extension permission: mozillaAddons
1566713995741	addons.webextension.screenshots@mozilla.org	WARN	Loading extension 'screenshots@mozilla.org': Reading manifest: Invalid extension permission: telemetry
1566713995741	addons.webextension.screenshots@mozilla.org	WARN	Loading extension 'screenshots@mozilla.org': Reading manifest: Invalid extension permission: resource://pdf.js/
1566713995741	addons.webextension.screenshots@mozilla.org	WARN	Loading extension 'screenshots@mozilla.org': Reading manifest: Invalid extension permission: about:reader*
1566713998583	Marionette	INFO	Listening on port 36733
1566713998615	Marionette	WARN	TLS certificate errors will be ignored for this session
JavaScript warning: https://www.coppel.com/wcsstore/dojo18/dojo/dojo.js, line 14: unreachable code after return statement
JavaScript warning: https://www.coppel.com/wcsstore/dojo18/dojo/dojo.js, line 14: unreachable code after return statement
JavaScript error: https://cdn.scarabresearch.com/js/17FBFD0A311795A0/scarab-v2.js, line 343: SyntaxError: Scarab Queue is not an array

(/usr/lib/firefox/firefox:14417): dconf-WARNING **: Unable to open /var/lib/snapd/desktop/dconf/profile/user: Permission denied
console.error: BroadcastService: 
  receivedBroadcastMessage: handler for
  remote-settings/monitor_changes
  threw error:
  Message: Error: Polling for changes failed: http://%(server)s/dummy/blocklist//buckets/monitor/collections/changes/records?_expected=%221561548844810%22 is not a valid URL..
  Stack:
    remoteSettingsFunction/remoteSettings.pollChanges@resource://services-settings/remote-settings.js:201:13

1566714070470	mozrunner::runner	INFO	Running command: "/usr/bin/firefox" "-marionette" "-headless" "-foreground" "-no-remote" "-profile" "/tmp/rust_mozprofilejp430Z"
*** You are running in headless mode.

(firefox:14632): Gtk-WARNING **: Locale not supported by C library.
	Using the fallback 'C' locale.
1566714071103	addons.webextension.screenshots@mozilla.org	WARN	Loading extension 'screenshots@mozilla.org': Reading manifest: Invalid extension permission: mozillaAddons
1566714071104	addons.webextension.screenshots@mozilla.org	WARN	Loading extension 'screenshots@mozilla.org': Reading manifest: Invalid extension permission: telemetry
1566714071104	addons.webextension.screenshots@mozilla.org	WARN	Loading extension 'screenshots@mozilla.org': Reading manifest: Invalid extension permission: resource://pdf.js/
1566714071104	addons.webextension.screenshots@mozilla.org	WARN	Loading extension 'screenshots@mozilla.org': Reading manifest: Invalid extension permission: about:reader*
1566714074299	Marionette	INFO	Listening on port 46365
1566714074399	Marionette	WARN	TLS certificate errors will be ignored for this session
JavaScript warning: https://www.coppel.com/wcsstore/dojo18/dojo/dojo.js, line 14: unreachable code after return statement
JavaScript warning: https://www.coppel.com/wcsstore/dojo18/dojo/dojo.js, line 14: unreachable code after return statement
JavaScript error: https://cdn.scarabresearch.com/js/17FBFD0A311795A0/scarab-v2.js, line 343: SyntaxError: Scarab Queue is not an array

(/usr/lib/firefox/firefox:14717): dconf-WARNING **: Unable to open /var/lib/snapd/desktop/dconf/profile/user: Permission denied
console.error: BroadcastService: 
  receivedBroadcastMessage: handler for
  remote-settings/monitor_changes
  threw error:
  Message: Error: Polling for changes failed: http://%(server)s/dummy/blocklist//buckets/monitor/collections/changes/records?_expected=%221561548844810%22 is not a valid URL..
  Stack:
    remoteSettingsFunction/remoteSettings.pollChanges@resource://services-settings/remote-settings.js:201:13

1566714740050	mozrunner::runner	INFO	Running command: "/usr/bin/firefox" "-marionette" "-headless" "-foreground" "-no-remote" "-profile" "/tmp/rust_mozprofile1mYecT"
*** You are running in headless mode.

(firefox:15481): Gtk-WARNING **: Locale not supported by C library.
	Using the fallback 'C' locale.
1566714740931	addons.webextension.screenshots@mozilla.org	WARN	Loading extension 'screenshots@mozilla.org': Reading manifest: Invalid extension permission: mozillaAddons
1566714740931	addons.webextension.screenshots@mozilla.org	WARN	Loading extension 'screenshots@mozilla.org': Reading manifest: Invalid extension permission: telemetry
1566714740931	addons.webextension.screenshots@mozilla.org	WARN	Loading extension 'screenshots@mozilla.org': Reading manifest: Invalid extension permission: resource://pdf.js/
1566714740931	addons.webextension.screenshots@mozilla.org	WARN	Loading extension 'screenshots@mozilla.org': Reading manifest: Invalid extension permission: about:reader*
1566714743738	Marionette	INFO	Listening on port 40391
1566714743804	Marionette	WARN	TLS certificate errors will be ignored for this session
JavaScript warning: https://www.coppel.com/wcsstore/dojo18/dojo/dojo.js, line 14: unreachable code after return statement
JavaScript warning: https://www.coppel.com/wcsstore/dojo18/dojo/dojo.js, line 14: unreachable code after return statement
JavaScript error: https://cdn.scarabresearch.com/js/17FBFD0A311795A0/scarab-v2.js, line 343: SyntaxError: Scarab Queue is not an array

(/usr/lib/firefox/firefox:15559): dconf-WARNING **: Unable to open /var/lib/snapd/desktop/dconf/profile/user: Permission denied
console.error: BroadcastService: 
  receivedBroadcastMessage: handler for
  remote-settings/monitor_changes
  threw error:
  Message: Error: Polling for changes failed: http://%(server)s/dummy/blocklist//buckets/monitor/collections/changes/records?_expected=%221561548844810%22 is not a valid URL..
  Stack:
    remoteSettingsFunction/remoteSettings.pollChanges@resource://services-settings/remote-settings.js:201:13

1566714919994	mozrunner::runner	INFO	Running command: "/usr/bin/firefox" "-marionette" "-headless" "-foreground" "-no-remote" "-profile" "/tmp/rust_mozprofileT8jg2x"
*** You are running in headless mode.

(firefox:15813): Gtk-WARNING **: Locale not supported by C library.
	Using the fallback 'C' locale.
1566714921026	addons.webextension.screenshots@mozilla.org	WARN	Loading extension 'screenshots@mozilla.org': Reading manifest: Invalid extension permission: mozillaAddons
1566714921026	addons.webextension.screenshots@mozilla.org	WARN	Loading extension 'screenshots@mozilla.org': Reading manifest: Invalid extension permission: telemetry
1566714921027	addons.webextension.screenshots@mozilla.org	WARN	Loading extension 'screenshots@mozilla.org': Reading manifest: Invalid extension permission: resource://pdf.js/
1566714921027	addons.webextension.screenshots@mozilla.org	WARN	Loading extension 'screenshots@mozilla.org': Reading manifest: Invalid extension permission: about:reader*
1566714924099	Marionette	INFO	Listening on port 39799
1566714924128	Marionette	WARN	TLS certificate errors will be ignored for this session
JavaScript warning: https://www.coppel.com/wcsstore/dojo18/dojo/dojo.js, line 14: unreachable code after return statement
JavaScript warning: https://www.coppel.com/wcsstore/dojo18/dojo/dojo.js, line 14: unreachable code after return statement
JavaScript error: https://cdn.scarabresearch.com/js/17FBFD0A311795A0/scarab-v2.js, line 343: SyntaxError: Scarab Queue is not an array

(/usr/lib/firefox/firefox:15891): dconf-WARNING **: Unable to open /var/lib/snapd/desktop/dconf/profile/user: Permission denied
console.error: BroadcastService: 
  receivedBroadcastMessage: handler for
  remote-settings/monitor_changes
  threw error:
  Message: Error: Polling for changes failed: http://%(server)s/dummy/blocklist//buckets/monitor/collections/changes/records?_expected=%221561548844810%22 is not a valid URL..
  Stack:
    remoteSettingsFunction/remoteSettings.pollChanges@resource://services-settings/remote-settings.js:201:13

1566714974242	mozrunner::runner	INFO	Running command: "/usr/bin/firefox" "-marionette" "-headless" "-foreground" "-no-remote" "-profile" "/tmp/rust_mozprofileavext1"
*** You are running in headless mode.

(firefox:16089): Gtk-WARNING **: Locale not supported by C library.
	Using the fallback 'C' locale.
1566714974888	addons.webextension.screenshots@mozilla.org	WARN	Loading extension 'screenshots@mozilla.org': Reading manifest: Invalid extension permission: mozillaAddons
1566714974889	addons.webextension.screenshots@mozilla.org	WARN	Loading extension 'screenshots@mozilla.org': Reading manifest: Invalid extension permission: telemetry
1566714974889	addons.webextension.screenshots@mozilla.org	WARN	Loading extension 'screenshots@mozilla.org': Reading manifest: Invalid extension permission: resource://pdf.js/
1566714974889	addons.webextension.screenshots@mozilla.org	WARN	Loading extension 'screenshots@mozilla.org': Reading manifest: Invalid extension permission: about:reader*
1566714977952	Marionette	INFO	Listening on port 33477
1566714977965	Marionette	WARN	TLS certificate errors will be ignored for this session
JavaScript warning: https://www.coppel.com/wcsstore/dojo18/dojo/dojo.js, line 14: unreachable code after return statement
JavaScript warning: https://www.coppel.com/wcsstore/dojo18/dojo/dojo.js, line 14: unreachable code after return statement
JavaScript error: https://cdn.scarabresearch.com/js/17FBFD0A311795A0/scarab-v2.js, line 343: SyntaxError: Scarab Queue is not an array

(/usr/lib/firefox/firefox:16167): dconf-WARNING **: Unable to open /var/lib/snapd/desktop/dconf/profile/user: Permission denied
console.error: BroadcastService: 
  receivedBroadcastMessage: handler for
  remote-settings/monitor_changes
  threw error:
  Message: Error: Polling for changes failed: http://%(server)s/dummy/blocklist//buckets/monitor/collections/changes/records?_expected=%221561548844810%22 is not a valid URL..
  Stack:
    remoteSettingsFunction/remoteSettings.pollChanges@resource://services-settings/remote-settings.js:201:13

1566715050585	mozrunner::runner	INFO	Running command: "/usr/bin/firefox" "-marionette" "-headless" "-foreground" "-no-remote" "-profile" "/tmp/rust_mozprofiletf5ztM"
*** You are running in headless mode.

(firefox:16420): Gtk-WARNING **: Locale not supported by C library.
	Using the fallback 'C' locale.
1566715051596	addons.webextension.screenshots@mozilla.org	WARN	Loading extension 'screenshots@mozilla.org': Reading manifest: Invalid extension permission: mozillaAddons
1566715051596	addons.webextension.screenshots@mozilla.org	WARN	Loading extension 'screenshots@mozilla.org': Reading manifest: Invalid extension permission: telemetry
1566715051597	addons.webextension.screenshots@mozilla.org	WARN	Loading extension 'screenshots@mozilla.org': Reading manifest: Invalid extension permission: resource://pdf.js/
1566715051597	addons.webextension.screenshots@mozilla.org	WARN	Loading extension 'screenshots@mozilla.org': Reading manifest: Invalid extension permission: about:reader*
1566715055482	Marionette	INFO	Listening on port 35189
1566715055514	Marionette	WARN	TLS certificate errors will be ignored for this session
JavaScript warning: https://www.coppel.com/wcsstore/dojo18/dojo/dojo.js, line 14: unreachable code after return statement
JavaScript warning: https://www.coppel.com/wcsstore/dojo18/dojo/dojo.js, line 14: unreachable code after return statement
JavaScript error: https://cdn.scarabresearch.com/js/17FBFD0A311795A0/scarab-v2.js, line 343: SyntaxError: Scarab Queue is not an array

(/usr/lib/firefox/firefox:16500): dconf-WARNING **: Unable to open /var/lib/snapd/desktop/dconf/profile/user: Permission denied
console.error: BroadcastService: 
  receivedBroadcastMessage: handler for
  remote-settings/monitor_changes
  threw error:
  Message: Error: Polling for changes failed: http://%(server)s/dummy/blocklist//buckets/monitor/collections/changes/records?_expected=%221561548844810%22 is not a valid URL..
  Stack:
    remoteSettingsFunction/remoteSettings.pollChanges@resource://services-settings/remote-settings.js:201:13

1566715111000	mozrunner::runner	INFO	Running command: "/usr/bin/firefox" "-marionette" "-headless" "-foreground" "-no-remote" "-profile" "/tmp/rust_mozprofilei75pCR"
*** You are running in headless mode.

(firefox:16720): Gtk-WARNING **: Locale not supported by C library.
	Using the fallback 'C' locale.
1566715111964	addons.webextension.screenshots@mozilla.org	WARN	Loading extension 'screenshots@mozilla.org': Reading manifest: Invalid extension permission: mozillaAddons
1566715111964	addons.webextension.screenshots@mozilla.org	WARN	Loading extension 'screenshots@mozilla.org': Reading manifest: Invalid extension permission: telemetry
1566715111965	addons.webextension.screenshots@mozilla.org	WARN	Loading extension 'screenshots@mozilla.org': Reading manifest: Invalid extension permission: resource://pdf.js/
1566715111965	addons.webextension.screenshots@mozilla.org	WARN	Loading extension 'screenshots@mozilla.org': Reading manifest: Invalid extension permission: about:reader*
1566715116051	Marionette	INFO	Listening on port 41349
1566715116129	Marionette	WARN	TLS certificate errors will be ignored for this session
JavaScript warning: https://www.coppel.com/wcsstore/dojo18/dojo/dojo.js, line 14: unreachable code after return statement
JavaScript warning: https://www.coppel.com/wcsstore/dojo18/dojo/dojo.js, line 14: unreachable code after return statement
JavaScript error: https://cdn.scarabresearch.com/js/17FBFD0A311795A0/scarab-v2.js, line 343: SyntaxError: Scarab Queue is not an array

(/usr/lib/firefox/firefox:16801): dconf-WARNING **: Unable to open /var/lib/snapd/desktop/dconf/profile/user: Permission denied
console.error: BroadcastService: 
  receivedBroadcastMessage: handler for
  remote-settings/monitor_changes
  threw error:
  Message: Error: Polling for changes failed: http://%(server)s/dummy/blocklist//buckets/monitor/collections/changes/records?_expected=%221561548844810%22 is not a valid URL..
  Stack:
    remoteSettingsFunction/remoteSettings.pollChanges@resource://services-settings/remote-settings.js:201:13

1566715153036	mozrunner::runner	INFO	Running command: "/usr/bin/firefox" "-marionette" "-headless" "-foreground" "-no-remote" "-profile" "/tmp/rust_mozprofileLVNCIE"
*** You are running in headless mode.

(firefox:16987): Gtk-WARNING **: Locale not supported by C library.
	Using the fallback 'C' locale.
1566715154652	addons.webextension.screenshots@mozilla.org	WARN	Loading extension 'screenshots@mozilla.org': Reading manifest: Invalid extension permission: mozillaAddons
1566715154653	addons.webextension.screenshots@mozilla.org	WARN	Loading extension 'screenshots@mozilla.org': Reading manifest: Invalid extension permission: telemetry
1566715154653	addons.webextension.screenshots@mozilla.org	WARN	Loading extension 'screenshots@mozilla.org': Reading manifest: Invalid extension permission: resource://pdf.js/
1566715154653	addons.webextension.screenshots@mozilla.org	WARN	Loading extension 'screenshots@mozilla.org': Reading manifest: Invalid extension permission: about:reader*
1566715159259	Marionette	INFO	Listening on port 39823
1566715159637	Marionette	WARN	TLS certificate errors will be ignored for this session
JavaScript warning: https://www.coppel.com/wcsstore/dojo18/dojo/dojo.js, line 14: unreachable code after return statement
JavaScript warning: https://www.coppel.com/wcsstore/dojo18/dojo/dojo.js, line 14: unreachable code after return statement
JavaScript error: https://cdn.scarabresearch.com/js/17FBFD0A311795A0/scarab-v2.js, line 343: SyntaxError: Scarab Queue is not an array

(/usr/lib/firefox/firefox:17066): dconf-WARNING **: Unable to open /var/lib/snapd/desktop/dconf/profile/user: Permission denied
console.error: BroadcastService: 
  receivedBroadcastMessage: handler for
  remote-settings/monitor_changes
  threw error:
  Message: Error: Polling for changes failed: http://%(server)s/dummy/blocklist//buckets/monitor/collections/changes/records?_expected=%221561548844810%22 is not a valid URL..
  Stack:
    remoteSettingsFunction/remoteSettings.pollChanges@resource://services-settings/remote-settings.js:201:13

1566715215735	mozrunner::runner	INFO	Running command: "/usr/bin/firefox" "-marionette" "-headless" "-foreground" "-no-remote" "-profile" "/tmp/rust_mozprofileoeh7WV"
*** You are running in headless mode.

(firefox:17304): Gtk-WARNING **: Locale not supported by C library.
	Using the fallback 'C' locale.
1566715217606	addons.webextension.screenshots@mozilla.org	WARN	Loading extension 'screenshots@mozilla.org': Reading manifest: Invalid extension permission: mozillaAddons
1566715217606	addons.webextension.screenshots@mozilla.org	WARN	Loading extension 'screenshots@mozilla.org': Reading manifest: Invalid extension permission: telemetry
1566715217606	addons.webextension.screenshots@mozilla.org	WARN	Loading extension 'screenshots@mozilla.org': Reading manifest: Invalid extension permission: resource://pdf.js/
1566715217606	addons.webextension.screenshots@mozilla.org	WARN	Loading extension 'screenshots@mozilla.org': Reading manifest: Invalid extension permission: about:reader*
1566715221460	Marionette	INFO	Listening on port 34207
1566715221557	Marionette	WARN	TLS certificate errors will be ignored for this session
JavaScript warning: https://www.coppel.com/wcsstore/dojo18/dojo/dojo.js, line 14: unreachable code after return statement
JavaScript warning: https://www.coppel.com/wcsstore/dojo18/dojo/dojo.js, line 14: unreachable code after return statement
JavaScript error: https://cdn.scarabresearch.com/js/17FBFD0A311795A0/scarab-v2.js, line 343: SyntaxError: Scarab Queue is not an array

(/usr/lib/firefox/firefox:17377): dconf-WARNING **: Unable to open /var/lib/snapd/desktop/dconf/profile/user: Permission denied
console.error: BroadcastService: 
  receivedBroadcastMessage: handler for
  remote-settings/monitor_changes
  threw error:
  Message: Error: Polling for changes failed: http://%(server)s/dummy/blocklist//buckets/monitor/collections/changes/records?_expected=%221561548844810%22 is not a valid URL..
  Stack:
    remoteSettingsFunction/remoteSettings.pollChanges@resource://services-settings/remote-settings.js:201:13

1566715363210	mozrunner::runner	INFO	Running command: "/usr/bin/firefox" "-marionette" "-headless" "-foreground" "-no-remote" "-profile" "/tmp/rust_mozprofileNcmoGm"
*** You are running in headless mode.

(firefox:17796): Gtk-WARNING **: Locale not supported by C library.
	Using the fallback 'C' locale.
1566715365030	addons.webextension.screenshots@mozilla.org	WARN	Loading extension 'screenshots@mozilla.org': Reading manifest: Invalid extension permission: mozillaAddons
1566715365030	addons.webextension.screenshots@mozilla.org	WARN	Loading extension 'screenshots@mozilla.org': Reading manifest: Invalid extension permission: telemetry
1566715365030	addons.webextension.screenshots@mozilla.org	WARN	Loading extension 'screenshots@mozilla.org': Reading manifest: Invalid extension permission: resource://pdf.js/
1566715365031	addons.webextension.screenshots@mozilla.org	WARN	Loading extension 'screenshots@mozilla.org': Reading manifest: Invalid extension permission: about:reader*
1566715371244	Marionette	INFO	Listening on port 35159
1566715371272	Marionette	WARN	TLS certificate errors will be ignored for this session
JavaScript warning: https://www.coppel.com/wcsstore/dojo18/dojo/dojo.js, line 14: unreachable code after return statement
JavaScript warning: https://www.coppel.com/wcsstore/dojo18/dojo/dojo.js, line 14: unreachable code after return statement
JavaScript error: https://cdn.scarabresearch.com/js/17FBFD0A311795A0/scarab-v2.js, line 343: SyntaxError: Scarab Queue is not an array

(/usr/lib/firefox/firefox:17879): dconf-WARNING **: Unable to open /var/lib/snapd/desktop/dconf/profile/user: Permission denied
console.error: BroadcastService: 
  receivedBroadcastMessage: handler for
  remote-settings/monitor_changes
  threw error:
  Message: Error: Polling for changes failed: http://%(server)s/dummy/blocklist//buckets/monitor/collections/changes/records?_expected=%221561548844810%22 is not a valid URL..
  Stack:
    remoteSettingsFunction/remoteSettings.pollChanges@resource://services-settings/remote-settings.js:201:13

